Added Component: Designator=CON1(PCB_SFP_COVER)
Added Pin To Net: NetName=GND Pin=CON1-1
Added Pin To Net: NetName=TX_FAULT_1 Pin=CON1-2
Added Pin To Net: NetName=TX_DISABLE_1 Pin=CON1-3
Added Pin To Net: NetName=MOD_DEF_2_1 Pin=CON1-4
Added Pin To Net: NetName=MOD_DEF_1_1 Pin=CON1-5
Added Pin To Net: NetName=MOD_DEF_0_1 Pin=CON1-6
Added Pin To Net: NetName=RATE_SEL_1 Pin=CON1-7
Added Pin To Net: NetName=LOS_1 Pin=CON1-8
Added Pin To Net: NetName=GND Pin=CON1-9
Added Pin To Net: NetName=GND Pin=CON1-10
Added Pin To Net: NetName=GND Pin=CON1-11
Added Pin To Net: NetName=RX1/TX2_N Pin=CON1-12
Added Pin To Net: NetName=RX1/TX2_P Pin=CON1-13
Added Pin To Net: NetName=GND Pin=CON1-14
Added Pin To Net: NetName=VCCR Pin=CON1-15
Added Pin To Net: NetName=VCCT Pin=CON1-16
Added Pin To Net: NetName=GND Pin=CON1-17
Added Pin To Net: NetName=TX1/RX2_P Pin=CON1-18
Added Pin To Net: NetName=TX1/RX2_N Pin=CON1-19
Added Pin To Net: NetName=GND Pin=CON1-20
Added Pin To Net: NetName=GND Pin=CON1-21
Added Pin To Net: NetName=GND Pin=CON1-21
Added Pin To Net: NetName=GND Pin=CON1-21
Added Pin To Net: NetName=GND Pin=CON1-21
Added Pin To Net: NetName=GND Pin=CON1-21
Added Pin To Net: NetName=GND Pin=CON1-21
Added Pin To Net: NetName=GND Pin=CON1-21
Added Pin To Net: NetName=GND Pin=CON1-21
Added Pin To Net: NetName=GND Pin=CON1-21
Added Pin To Net: NetName=GND Pin=CON1-21
Added Pin To Net: NetName=GND Pin=CON1-21
Added Pin To Net: NetName=GND Pin=CON1-21
Added Pin To Net: NetName=GND Pin=CON1-21
Added Pin To Net: NetName=GND Pin=CON1-21
Added Pin To Net: NetName=GND Pin=CON1-21
Added Pin To Net: NetName=GND Pin=CON1-21
Added Pin To Net: NetName=GND Pin=CON1-21
Added Pin To Net: NetName=GND Pin=CON1-21
Added Pin To Net: NetName=GND Pin=CON1-21
Added Pin To Net: NetName=GND Pin=CON1-21
Added Pin To Net: NetName=GND Pin=CON1-21
