Added Component: Designator=CON1(PCB_SFP_COVER)
Added Component: Designator=CON2(SFP)
Added Component: Designator=P1(HDR2X8_CEN)
Added Pin To Net: NetName=GND Pin=CON1-1
Added Pin To Net: NetName=GND Pin=CON1-9
Added Pin To Net: NetName=GND Pin=CON1-10
Added Pin To Net: NetName=GND Pin=CON1-11
Added Pin To Net: NetName=GND Pin=CON1-14
Added Pin To Net: NetName=GND Pin=CON1-17
Added Pin To Net: NetName=GND Pin=CON1-20
Added Pin To Net: NetName=GND Pin=CON1-21
Added Pin To Net: NetName=GND Pin=CON1-21
Added Pin To Net: NetName=GND Pin=CON1-21
Added Pin To Net: NetName=GND Pin=CON1-21
Added Pin To Net: NetName=GND Pin=CON1-21
Added Pin To Net: NetName=GND Pin=CON1-21
Added Pin To Net: NetName=GND Pin=CON1-21
Added Pin To Net: NetName=GND Pin=CON1-21
Added Pin To Net: NetName=GND Pin=CON1-21
Added Pin To Net: NetName=GND Pin=CON1-21
Added Pin To Net: NetName=GND Pin=CON1-21
Added Pin To Net: NetName=GND Pin=CON1-21
Added Pin To Net: NetName=GND Pin=CON1-21
Added Pin To Net: NetName=GND Pin=CON1-21
Added Pin To Net: NetName=GND Pin=CON1-21
Added Pin To Net: NetName=GND Pin=CON1-21
Added Pin To Net: NetName=GND Pin=CON1-21
Added Pin To Net: NetName=GND Pin=CON1-21
Added Pin To Net: NetName=GND Pin=CON1-21
Added Pin To Net: NetName=GND Pin=CON1-21
Added Pin To Net: NetName=GND Pin=CON1-21
Added Pin To Net: NetName=GND Pin=CON2-1
Added Pin To Net: NetName=GND Pin=CON2-4
Added Pin To Net: NetName=GND Pin=CON2-7
Added Pin To Net: NetName=GND Pin=CON2-10
Added Pin To Net: NetName=GND Pin=CON2-11
Added Pin To Net: NetName=GND Pin=CON2-19
Added Pin To Net: NetName=GND Pin=CON2-20
Added Net: Name=GND
Added Pin To Net: NetName=LOS_1 Pin=CON1-8
Added Pin To Net: NetName=LOS_1 Pin=P1-8
Added Net: Name=LOS_1
Added Pin To Net: NetName=LOS_2 Pin=CON2-18
Added Pin To Net: NetName=LOS_2 Pin=P1-16
Added Net: Name=LOS_2
Added Pin To Net: NetName=MOD_DEF_0_1 Pin=CON1-6
Added Pin To Net: NetName=MOD_DEF_0_1 Pin=P1-6
Added Net: Name=MOD_DEF_0_1
Added Pin To Net: NetName=MOD_DEF_0_2 Pin=CON2-16
Added Pin To Net: NetName=MOD_DEF_0_2 Pin=P1-14
Added Net: Name=MOD_DEF_0_2
Added Pin To Net: NetName=MOD_DEF_1_1 Pin=CON1-5
Added Pin To Net: NetName=MOD_DEF_1_1 Pin=P1-5
Added Net: Name=MOD_DEF_1_1
Added Pin To Net: NetName=MOD_DEF_1_2 Pin=CON2-15
Added Pin To Net: NetName=MOD_DEF_1_2 Pin=P1-13
Added Net: Name=MOD_DEF_1_2
Added Pin To Net: NetName=MOD_DEF_2_1 Pin=CON1-4
Added Pin To Net: NetName=MOD_DEF_2_1 Pin=P1-4
Added Net: Name=MOD_DEF_2_1
Added Pin To Net: NetName=MOD_DEF_2_2 Pin=CON2-14
Added Pin To Net: NetName=MOD_DEF_2_2 Pin=P1-12
Added Net: Name=MOD_DEF_2_2
Added Pin To Net: NetName=RATE_SEL_1 Pin=CON1-7
Added Pin To Net: NetName=RATE_SEL_1 Pin=P1-7
Added Net: Name=RATE_SEL_1
Added Pin To Net: NetName=RATE_SEL_2 Pin=CON2-17
Added Pin To Net: NetName=RATE_SEL_2 Pin=P1-15
Added Net: Name=RATE_SEL_2
Added Pin To Net: NetName=RX1/TX2_N Pin=CON1-12
Added Pin To Net: NetName=RX1/TX2_N Pin=CON2-9
Added Net: Name=RX1/TX2_N
Added Pin To Net: NetName=RX1/TX2_P Pin=CON1-13
Added Pin To Net: NetName=RX1/TX2_P Pin=CON2-8
Added Net: Name=RX1/TX2_P
Added Pin To Net: NetName=TX1/RX2_N Pin=CON1-19
Added Pin To Net: NetName=TX1/RX2_N Pin=CON2-2
Added Net: Name=TX1/RX2_N
Added Pin To Net: NetName=TX1/RX2_P Pin=CON1-18
Added Pin To Net: NetName=TX1/RX2_P Pin=CON2-3
Added Net: Name=TX1/RX2_P
Added Pin To Net: NetName=TX_DISABLE_1 Pin=CON1-3
Added Pin To Net: NetName=TX_DISABLE_1 Pin=P1-3
Added Net: Name=TX_DISABLE_1
Added Pin To Net: NetName=TX_DISABLE_2 Pin=CON2-13
Added Pin To Net: NetName=TX_DISABLE_2 Pin=P1-11
Added Net: Name=TX_DISABLE_2
Added Pin To Net: NetName=TX_FAULT_1 Pin=CON1-2
Added Pin To Net: NetName=TX_FAULT_1 Pin=P1-2
Added Net: Name=TX_FAULT_1
Added Pin To Net: NetName=TX_FAULT_2 Pin=CON2-12
Added Pin To Net: NetName=TX_FAULT_2 Pin=P1-10
Added Net: Name=TX_FAULT_2
Added Pin To Net: NetName=VCCR Pin=CON1-15
Added Pin To Net: NetName=VCCR Pin=CON2-6
Added Pin To Net: NetName=VCCR Pin=P1-1
Added Net: Name=VCCR
Added Pin To Net: NetName=VCCT Pin=CON1-16
Added Pin To Net: NetName=VCCT Pin=CON2-5
Added Pin To Net: NetName=VCCT Pin=P1-9
Added Net: Name=VCCT
Added Class: Name=PAGE2-SFP_CONNECTORS
Added Differential Pair: Name=RX1/TX2
Added Differential Pair: Name=TX1/RX2
